0 info it worked if it ends with ok
1 verbose cli [ 'C:\\Program Files\\nodejs\\\\node.exe',
1 verbose cli   'C:\\Program Files\\nodejs\\node_modules\\npm\\bin\\npm-cli.js',
1 verbose cli   'install',
1 verbose cli   'mongodb-native' ]
2 info using npm@1.4.14
3 info using node@v0.10.29
4 verbose node symlink C:\Program Files\nodejs\\node.exe
5 verbose readDependencies using package.json deps
6 verbose cache add [ 'mongodb-native', null ]
7 verbose cache add name=undefined spec="mongodb-native" args=["mongodb-native",null]
8 verbose parsed url { protocol: null,
8 verbose parsed url   slashes: null,
8 verbose parsed url   auth: null,
8 verbose parsed url   host: null,
8 verbose parsed url   port: null,
8 verbose parsed url   hostname: null,
8 verbose parsed url   hash: null,
8 verbose parsed url   search: null,
8 verbose parsed url   query: null,
8 verbose parsed url   pathname: 'mongodb-native',
8 verbose parsed url   path: 'mongodb-native',
8 verbose parsed url   href: 'mongodb-native' }
9 silly lockFile c00871cc-mongodb-native mongodb-native
10 verbose lock mongodb-native C:\Users\User1\AppData\Roaming\npm-cache\c00871cc-mongodb-native.lock
11 silly lockFile c00871cc-mongodb-native mongodb-native
12 silly lockFile c00871cc-mongodb-native mongodb-native
13 verbose addNamed [ 'mongodb-native', '' ]
14 verbose addNamed [ null, '*' ]
15 silly lockFile 59174c08-mongodb-native mongodb-native@
16 verbose lock mongodb-native@ C:\Users\User1\AppData\Roaming\npm-cache\59174c08-mongodb-native.lock
17 silly addNameRange { name: 'mongodb-native', range: '*', hasData: false }
18 verbose url raw mongodb-native
19 verbose url resolving [ 'https://registry.npmjs.org/', './mongodb-native' ]
20 verbose url resolved https://registry.npmjs.org/mongodb-native
21 info trying registry request attempt 1 at 14:29:36
22 http GET https://registry.npmjs.org/mongodb-native
23 http 404 https://registry.npmjs.org/mongodb-native
24 verbose headers { date: 'Tue, 02 Sep 2014 17:29:59 GMT',
24 verbose headers   server: 'CouchDB/1.5.0 (Erlang OTP/R16B03)',
24 verbose headers   'content-type': 'application/json',
24 verbose headers   'cache-control': 'max-age=0',
24 verbose headers   'content-length': '52',
24 verbose headers   'accept-ranges': 'bytes',
24 verbose headers   via: '1.1 varnish',
24 verbose headers   age: '0',
24 verbose headers   'x-served-by': 'cache-iad2129-IAD',
24 verbose headers   'x-cache': 'MISS',
24 verbose headers   'x-cache-hits': '0',
24 verbose headers   'x-timer': 'S1409678998.812458,VS0,VE414',
24 verbose headers   'keep-alive': 'timeout=10, max=50',
24 verbose headers   connection: 'Keep-Alive' }
25 silly registry.get cb [ 404,
25 silly registry.get   { date: 'Tue, 02 Sep 2014 17:29:59 GMT',
25 silly registry.get     server: 'CouchDB/1.5.0 (Erlang OTP/R16B03)',
25 silly registry.get     'content-type': 'application/json',
25 silly registry.get     'cache-control': 'max-age=0',
25 silly registry.get     'content-length': '52',
25 silly registry.get     'accept-ranges': 'bytes',
25 silly registry.get     via: '1.1 varnish',
25 silly registry.get     age: '0',
25 silly registry.get     'x-served-by': 'cache-iad2129-IAD',
25 silly registry.get     'x-cache': 'MISS',
25 silly registry.get     'x-cache-hits': '0',
25 silly registry.get     'x-timer': 'S1409678998.812458,VS0,VE414',
25 silly registry.get     'keep-alive': 'timeout=10, max=50',
25 silly registry.get     connection: 'Keep-Alive' } ]
26 silly lockFile 59174c08-mongodb-native mongodb-native@
27 silly lockFile 59174c08-mongodb-native mongodb-native@
28 error 404 404 Not Found: mongodb-native
28 error 404
28 error 404 'mongodb-native' is not in the npm registry.
28 error 404 You should bug the author to publish it
28 error 404 It was specified as a dependency of 'webstore1'
28 error 404
28 error 404 Note that you can also install from a
28 error 404 tarball, folder, or http url, or git url.
29 error System Windows_NT 6.2.9200
30 error command "C:\\Program Files\\nodejs\\\\node.exe" "C:\\Program Files\\nodejs\\node_modules\\npm\\bin\\npm-cli.js" "install" "mongodb-native"
31 error cwd C:\Users\User1\Desktop\projects\store
32 error node -v v0.10.29
33 error npm -v 1.4.14
34 error code E404
35 verbose exit [ 1, true ]
